<?xml version="1.0" encoding="UTF-8"?>
<!-- Generated by org.testng.reporters.JUnitReportReporter -->
<testsuite hostname="COG-WIN-MAC03" failures="0" tests="15" name="testcases.AddTicketTest" time="969.726" errors="0" timestamp="2022-12-08T13:40:35 IST" skipped="0">
  <testcase classname="testcases.AddTicketTest" name="verifyAssignToDeptDropDown" time="63.405"/>
  <system-out/>
  <testcase classname="testcases.AddTicketTest" name="verifyTicketCategoryDropdown" time="42.119"/>
  <system-out/>
  <testcase classname="testcases.AddTicketTest" name="verifyPriorityDeptDropDown" time="41.701"/>
  <system-out/>
  <testcase classname="testcases.AddTicketTest" name="verifyValidations" time="39.806"/>
  <system-out/>
  <testcase classname="testcases.AddTicketTest" name="verifyTicketForRadioButtons" time="35.927"/>
  <system-out/>
  <testcase classname="testcases.AddTicketTest" name="verifyProductDropDown" time="41.173"/>
  <system-out/>
  <testcase classname="testcases.AddTicketTest" name="verifyNoValidations" time="38.794"/>
  <system-out/>
  <testcase classname="testcases.AddTicketTest" name="verifyTwoRadioButtons" time="45.131"/>
  <system-out/>
  <testcase classname="testcases.AddTicketTest" name="addOwnTickets" time="142.948"/>
  <system-out/>
  <testcase classname="testcases.AddTicketTest" name="verifyValidationForEmptyUser" time="107.995"/>
  <system-out/>
  <testcase classname="testcases.AddTicketTest" name="verifyValidationOnClientsField" time="49.154"/>
  <system-out/>
  <testcase classname="testcases.AddTicketTest" name="checkAddMoreFunctionality" time="44.205"/>
  <system-out/>
  <testcase classname="testcases.AddTicketTest" name="verifyCharctersInDescriptionField" time="78.224"/>
  <system-out/>
  <testcase classname="testcases.AddTicketTest" name="verifyFontOfUserGuide" time="37.806"/>
  <system-out/>
  <testcase classname="testcases.AddTicketTest" name="addTicket" time="161.338"/>
  <system-out/>
</testsuite> <!-- testcases.AddTicketTest -->
