<?xml version="1.0" encoding="UTF-8"?>
<!-- Generated by org.testng.reporters.JUnitReportReporter -->
<testsuite hostname="COG-WIN-MAC03" failures="0" tests="1" name="testcases.TicketDetailReportTest" time="248.843" errors="0" timestamp="2022-12-08T13:40:36 IST" skipped="0">
  <testcase classname="testcases.TicketDetailReportTest" name="verifySearchTicket" time="248.843"/>
  <system-out/>
</testsuite> <!-- testcases.TicketDetailReportTest -->
