<?xml version="1.0" encoding="UTF-8"?>
<!-- Generated by org.testng.reporters.JUnitReportReporter -->
<testsuite hostname="COG-WIN-MAC03" failures="0" tests="1" name="testcases.AddSLA" time="332.353" errors="0" timestamp="2022-12-08T13:40:36 IST" skipped="0">
  <testcase classname="testcases.AddSLA" name="addTicketForSLA" time="332.353"/>
  <system-out>
    <![CDATA[Policy checkbox clicked]]>
  </system-out>
</testsuite> <!-- testcases.AddSLA -->
