<?xml version="1.0" encoding="UTF-8"?>
<!-- Generated by org.testng.reporters.JUnitReportReporter -->
<testsuite hostname="COG-WIN-MAC03" failures="0" tests="1" name="testcases.TicketSummaryReportTest" time="207.097" errors="0" timestamp="2022-08-31T18:15:11 IST" skipped="0">
  <testcase classname="testcases.TicketSummaryReportTest" name="verifySearchTicket" time="207.097"/>
  <system-out/>
</testsuite> <!-- testcases.TicketSummaryReportTest -->
