<?xml version="1.0" encoding="UTF-8"?>
<!-- Generated by org.testng.reporters.JUnitReportReporter -->
<testsuite hostname="COG-WIN-MAC03" failures="0" tests="3" name="testcases.CompanySetupConfiguration" time="438.987" errors="0" timestamp="2023-08-11T23:58:26 IST" skipped="0">
  <testcase classname="testcases.CompanySetupConfiguration" name="addNewUser" time="261.499"/>
  <system-out/>
  <testcase classname="testcases.CompanySetupConfiguration" name="addChannel" time="91.525"/>
  <system-out/>
  <testcase classname="testcases.CompanySetupConfiguration" name="addUserAndDepartment" time="85.963"/>
  <system-out/>
</testsuite> <!-- testcases.CompanySetupConfiguration -->
