<?xml version="1.0" encoding="UTF-8"?>
<!-- Generated by org.testng.reporters.JUnitReportReporter -->
<testsuite hostname="COG-WIN-MAC03" failures="0" tests="5" name="testcases.TicketingServiceBoardTest" time="216.444" errors="0" timestamp="2022-11-03T17:05:22 IST" skipped="0">
  <testcase classname="testcases.TicketingServiceBoardTest" name="verifyServiceboardElements" time="29.681"/>
  <system-out/>
  <testcase classname="testcases.TicketingServiceBoardTest" name="verifyAddServiceBoardGroupOne" time="51.223"/>
  <system-out/>
  <testcase classname="testcases.TicketingServiceBoardTest" name="verifyAddServiceBoardGroupTwo" time="47.704"/>
  <system-out/>
  <testcase classname="testcases.TicketingServiceBoardTest" name="verifyCancelButtonFunctionality" time="47.740"/>
  <system-out/>
  <testcase classname="testcases.TicketingServiceBoardTest" name="verifyUpdateServiceBoardNavigation" time="40.096"/>
  <system-out/>
</testsuite> <!-- testcases.TicketingServiceBoardTest -->
