<?xml version="1.0" encoding="UTF-8"?>
<!-- Generated by org.testng.reporters.JUnitReportReporter -->
<testsuite hostname="COG-WIN-MAC03" failures="0" tests="2" name="testcases.TicketGroupListingTest" time="103.506" errors="0" timestamp="2022-08-31T15:53:00 IST" skipped="0">
  <testcase classname="testcases.TicketGroupListingTest" name="verifySearchFunctionality" time="45.836"/>
  <system-out/>
  <testcase classname="testcases.TicketGroupListingTest" name="verifyResetFunctionality" time="57.670"/>
  <system-out/>
</testsuite> <!-- testcases.TicketGroupListingTest -->
