<?xml version="1.0" encoding="UTF-8"?>
<!-- Generated by org.testng.reporters.JUnitReportReporter -->
<testsuite hostname="COG-WIN-MAC03" failures="2" tests="31" name="testcases.TicketingDashboardTest" time="4631.210" errors="0" timestamp="2022-08-31T17:11:40 IST" skipped="4">
  <testcase classname="testcases.TicketingDashboardTest" name="verifyReportsValidation" time="48.798"/>
  <system-out/>
  <testcase classname="testcases.TicketingDashboardTest" name="validateWidgetsCount" time="98.354"/>
  <system-out/>
  <testcase classname="testcases.TicketingDashboardTest" name="verifyTodaysFilter" time="328.229"/>
  <system-out/>
  <testcase classname="testcases.TicketingDashboardTest" name="verifyThisYearFilter" time="195.370"/>
  <system-out/>
  <testcase classname="testcases.TicketingDashboardTest" name="verifyYesterDayFilter" time="114.789"/>
  <system-out/>
  <testcase classname="testcases.TicketingDashboardTest" name="verifyLastWeekFilter" time="112.801"/>
  <system-out/>
  <testcase classname="testcases.TicketingDashboardTest" name="verifyThisWeekFilter" time="144.431"/>
  <system-out/>
  <testcase classname="testcases.TicketingDashboardTest" name="verifyThisMonthFilter" time="200.538"/>
  <system-out/>
  <testcase classname="testcases.TicketingDashboardTest" name="verifyLastMonthFilter" time="142.101"/>
  <system-out/>
  <testcase classname="testcases.TicketingDashboardTest" name="verifyTodayFilterFromCategory" time="314.947"/>
  <system-out/>
  <testcase classname="testcases.TicketingDashboardTest" name="verifyThisWeekFilterFromCategory" time="147.530"/>
  <system-out/>
  <testcase classname="testcases.TicketingDashboardTest" name="verifyYesterdayFilterFromCategory" time="114.539"/>
  <system-out/>
  <testcase classname="testcases.TicketingDashboardTest" name="verifyThisMonthFilterFromCategory" time="106.141">
    <failure message="Ticketing -  element not clikabke" type="java.lang.AssertionError">
      <![CDATA[java.lang.AssertionError: Ticketing -  element not clikabke
at org.testng.Assert.fail(Assert.java:99)
at utils.WebBasePage.click(WebBasePage.java:91)
at pageobjects.TicketDetailReportPage.clickTicketingOption(TicketDetailReportPage.java:99)
at pageobjects.TicketDetailReportPage.verifyCategoryStatusValues(TicketDetailReportPage.java:603)
at action.TicketDetailReportAction.verifyCategoryWidgetCount(TicketDetailReportAction.java:59)
at testcases.TicketingDashboardTest.verifyThisMonthFilterFromCategory(TicketingDashboardTest.java:295)
at java.base/jdk.internal.reflect.NativeMethodAccessorImpl.invoke0(Native Method)
at java.base/jdk.internal.reflect.NativeMethodAccessorImpl.invoke(NativeMethodAccessorImpl.java:77)
at java.base/jdk.internal.reflect.DelegatingMethodAccessorImpl.invoke(DelegatingMethodAccessorImpl.java:43)
at java.base/java.lang.reflect.Method.invoke(Method.java:568)
at org.testng.internal.MethodInvocationHelper.invokeMethod(MethodInvocationHelper.java:133)
at org.testng.internal.TestInvoker.invokeMethod(TestInvoker.java:598)
at org.testng.internal.TestInvoker.invokeTestMethod(TestInvoker.java:173)
at org.testng.internal.MethodRunner.runInSequence(MethodRunner.java:46)
at org.testng.internal.TestInvoker$MethodInvocationAgent.invoke(TestInvoker.java:824)
at org.testng.internal.TestInvoker.invokeTestMethods(TestInvoker.java:146)
at org.testng.internal.TestMethodWorker.invokeTestMethods(TestMethodWorker.java:146)
at org.testng.internal.TestMethodWorker.run(TestMethodWorker.java:128)
at java.base/java.util.ArrayList.forEach(ArrayList.java:1511)
at org.testng.TestRunner.privateRun(TestRunner.java:794)
at org.testng.TestRunner.run(TestRunner.java:596)
at org.testng.SuiteRunner.runTest(SuiteRunner.java:377)
at org.testng.SuiteRunner.runSequentially(SuiteRunner.java:371)
at org.testng.SuiteRunner.privateRun(SuiteRunner.java:332)
at org.testng.SuiteRunner.run(SuiteRunner.java:276)
at org.testng.SuiteRunnerWorker.runSuite(SuiteRunnerWorker.java:53)
at org.testng.SuiteRunnerWorker.run(SuiteRunnerWorker.java:96)
at org.testng.TestNG.runSuitesSequentially(TestNG.java:1212)
at org.testng.TestNG.runSuitesLocally(TestNG.java:1134)
at org.testng.TestNG.runSuites(TestNG.java:1063)
at org.testng.TestNG.run(TestNG.java:1031)
at org.testng.remote.AbstractRemoteTestNG.run(AbstractRemoteTestNG.java:115)
at org.testng.remote.RemoteTestNG.initAndRun(RemoteTestNG.java:251)
at org.testng.remote.RemoteTestNG.main(RemoteTestNG.java:77)
]]>
    </failure>
  </testcase> <!-- verifyThisMonthFilterFromCategory -->
  <system-out/>
  <testcase classname="testcases.TicketingDashboardTest" name="verifyLastMonthFilterFromCategory" time="143.207"/>
  <system-out/>
  <testcase classname="testcases.TicketingDashboardTest" name="verifyYesterdayFilterByChannel" time="395.019"/>
  <system-out/>
  <testcase classname="testcases.TicketingDashboardTest" name="verifyTodaysFilterByChannel" time="161.456"/>
  <system-out/>
  <testcase classname="testcases.TicketingDashboardTest" name="verifyThisWeekByChannel" time="166.160"/>
  <system-out/>
  <testcase classname="testcases.TicketingDashboardTest" name="verifyLastWeekByChannel" time="158.937"/>
  <system-out/>
  <testcase classname="testcases.TicketingDashboardTest" name="verifyThisMonthByChannel" time="133.599">
    <failure message="Ticket Report -  element not clikabke" type="java.lang.AssertionError">
      <![CDATA[java.lang.AssertionError: Ticket Report -  element not clikabke
at org.testng.Assert.fail(Assert.java:99)
at utils.WebBasePage.click(WebBasePage.java:91)
at pageobjects.TicketDetailReportPage.clickTicketReport(TicketDetailReportPage.java:107)
at action.TicketDetailReportAction.navigateToTicketingReport(TicketDetailReportAction.java:26)
at testcases.TicketingDashboardTest.verifyThisMonthByChannel(TicketingDashboardTest.java:456)
at java.base/jdk.internal.reflect.NativeMethodAccessorImpl.invoke0(Native Method)
at java.base/jdk.internal.reflect.NativeMethodAccessorImpl.invoke(NativeMethodAccessorImpl.java:77)
at java.base/jdk.internal.reflect.DelegatingMethodAccessorImpl.invoke(DelegatingMethodAccessorImpl.java:43)
at java.base/java.lang.reflect.Method.invoke(Method.java:568)
at org.testng.internal.MethodInvocationHelper.invokeMethod(MethodInvocationHelper.java:133)
at org.testng.internal.TestInvoker.invokeMethod(TestInvoker.java:598)
at org.testng.internal.TestInvoker.invokeTestMethod(TestInvoker.java:173)
at org.testng.internal.MethodRunner.runInSequence(MethodRunner.java:46)
at org.testng.internal.TestInvoker$MethodInvocationAgent.invoke(TestInvoker.java:824)
at org.testng.internal.TestInvoker.invokeTestMethods(TestInvoker.java:146)
at org.testng.internal.TestMethodWorker.invokeTestMethods(TestMethodWorker.java:146)
at org.testng.internal.TestMethodWorker.run(TestMethodWorker.java:128)
at java.base/java.util.ArrayList.forEach(ArrayList.java:1511)
at org.testng.TestRunner.privateRun(TestRunner.java:794)
at org.testng.TestRunner.run(TestRunner.java:596)
at org.testng.SuiteRunner.runTest(SuiteRunner.java:377)
at org.testng.SuiteRunner.runSequentially(SuiteRunner.java:371)
at org.testng.SuiteRunner.privateRun(SuiteRunner.java:332)
at org.testng.SuiteRunner.run(SuiteRunner.java:276)
at org.testng.SuiteRunnerWorker.runSuite(SuiteRunnerWorker.java:53)
at org.testng.SuiteRunnerWorker.run(SuiteRunnerWorker.java:96)
at org.testng.TestNG.runSuitesSequentially(TestNG.java:1212)
at org.testng.TestNG.runSuitesLocally(TestNG.java:1134)
at org.testng.TestNG.runSuites(TestNG.java:1063)
at org.testng.TestNG.run(TestNG.java:1031)
at org.testng.remote.AbstractRemoteTestNG.run(AbstractRemoteTestNG.java:115)
at org.testng.remote.RemoteTestNG.initAndRun(RemoteTestNG.java:251)
at org.testng.remote.RemoteTestNG.main(RemoteTestNG.java:77)
]]>
    </failure>
  </testcase> <!-- verifyThisMonthByChannel -->
  <system-out/>
  <testcase classname="testcases.TicketingDashboardTest" name="verifyLastMonthByChannel" time="158.300"/>
  <system-out/>
  <testcase classname="testcases.TicketingDashboardTest" name="verifyTodaysFilterByProduct" time="333.715"/>
  <system-out/>
  <testcase classname="testcases.TicketingDashboardTest" name="verifyThisWeekFilterByProduct" time="150.515"/>
  <system-out/>
  <testcase classname="testcases.TicketingDashboardTest" name="verifyYesterdayFilterByProduct" time="121.732"/>
  <system-out/>
  <testcase classname="testcases.TicketingDashboardTest" name="verifyLastWeekFilterByProduct" time="121.284"/>
  <system-out/>
  <testcase classname="testcases.TicketingDashboardTest" name="verifyLastMonthFilterByProduct" time="148.970"/>
  <system-out/>
  <testcase classname="testcases.TicketingDashboardTest" name="verifyTodayFilterByResolver" time="194.152"/>
  <system-out/>
  <testcase classname="testcases.TicketingDashboardTest" name="verifyThisWeekFilterByResolver" time="175.596"/>
  <system-out/>
  <testcase classname="testcases.TicketingDashboardTest" name="verifyThisYearFilterByProduct">
    <skipped/>
  </testcase> <!-- verifyThisYearFilterByProduct -->
  <system-out/>
  <testcase classname="testcases.TicketingDashboardTest" name="verifyLastWeekFilterFromCategory">
    <skipped/>
  </testcase> <!-- verifyLastWeekFilterFromCategory -->
  <system-out/>
  <testcase classname="testcases.TicketingDashboardTest" name="verifyThisMonthFilterByProduct">
    <skipped/>
  </testcase> <!-- verifyThisMonthFilterByProduct -->
  <system-out/>
  <testcase classname="testcases.TicketingDashboardTest" name="verifyThisYearFilterFromCategory">
    <skipped/>
  </testcase> <!-- verifyThisYearFilterFromCategory -->
  <system-out/>
</testsuite> <!-- testcases.TicketingDashboardTest -->
