<?xml version="1.0" encoding="UTF-8"?>
<!-- Generated by org.testng.reporters.JUnitReportReporter -->
<testsuite hostname="COG-WIN-MAC03" failures="0" tests="2" name="testcases.TicketGroupListingTest" time="145.582" errors="0" timestamp="2023-08-11T23:58:26 IST" skipped="0">
  <testcase classname="testcases.TicketGroupListingTest" name="verifySearchFunctionality" time="76.831"/>
  <system-out/>
  <testcase classname="testcases.TicketGroupListingTest" name="verifyResetFunctionality" time="68.751"/>
  <system-out/>
</testsuite> <!-- testcases.TicketGroupListingTest -->
