<?xml version="1.0" encoding="UTF-8"?>
<!-- Generated by org.testng.reporters.JUnitReportReporter -->
<testsuite hostname="COG-WIN-MAC03" failures="0" tests="1" name="testcases.AddTicketTest" time="29.132" errors="0" timestamp="2022-08-31T12:06:10 IST" skipped="0">
  <testcase classname="testcases.AddTicketTest" name="checkAddMoreFunctionality" time="29.132"/>
  <system-out/>
</testsuite> <!-- testcases.AddTicketTest -->
