<?xml version="1.0" encoding="UTF-8"?>
<!-- Generated by org.testng.reporters.JUnitReportReporter -->
<testsuite hostname="COG-WIN-MAC03" failures="0" tests="3" name="testcases.TicketingGroupTest" time="135.055" errors="0" timestamp="2022-11-03T17:05:22 IST" skipped="0">
  <testcase classname="testcases.TicketingGroupTest" name="verifyAddGroup" time="38.403"/>
  <system-out/>
  <testcase classname="testcases.TicketingGroupTest" name="verifyCancelButton" time="50.880"/>
  <system-out/>
  <testcase classname="testcases.TicketingGroupTest" name="verifyNoRecordsMessage" time="45.772"/>
  <system-out/>
</testsuite> <!-- testcases.TicketingGroupTest -->
