<?xml version="1.0" encoding="UTF-8"?>
<!-- Generated by org.testng.reporters.JUnitReportReporter -->
<testsuite hostname="COG-WIN-MAC03" failures="0" tests="3" name="testcases.TicketingGroupTest" time="131.992" errors="0" timestamp="2022-12-08T13:40:35 IST" skipped="0">
  <testcase classname="testcases.TicketingGroupTest" name="verifyAddGroup" time="38.595"/>
  <system-out/>
  <testcase classname="testcases.TicketingGroupTest" name="verifyCancelButton" time="51.036"/>
  <system-out/>
  <testcase classname="testcases.TicketingGroupTest" name="verifyNoRecordsMessage" time="42.361"/>
  <system-out/>
</testsuite> <!-- testcases.TicketingGroupTest -->
