<?xml version="1.0" encoding="UTF-8"?>
<!-- Generated by org.testng.reporters.JUnitReportReporter -->
<testsuite hostname="COG-WIN-MAC03" failures="0" tests="1" name="testcases.CompanySetupConfiguration" time="50.264" errors="0" timestamp="2022-12-07T12:40:49 IST" skipped="0">
  <testcase classname="testcases.CompanySetupConfiguration" name="addUserAndDepartment" time="50.264"/>
  <system-out/>
</testsuite> <!-- testcases.CompanySetupConfiguration -->
