<?xml version="1.0" encoding="UTF-8"?>
<!-- Generated by org.testng.reporters.JUnitReportReporter -->
<testsuite hostname="COG-WIN-MAC03" failures="0" tests="1" name="testcases.TicketSummaryReportTest" time="202.370" errors="0" timestamp="2023-08-11T23:58:26 IST" skipped="0">
  <testcase classname="testcases.TicketSummaryReportTest" name="verifySearchTicket" time="202.370"/>
  <system-out/>
</testsuite> <!-- testcases.TicketSummaryReportTest -->
