<?xml version="1.0" encoding="UTF-8"?>
<!-- Generated by org.testng.reporters.JUnitReportReporter -->
<testsuite hostname="COG-WIN-MAC03" failures="0" tests="1" name="testcases.UnassignedTicketsTest" time="55.156" errors="0" timestamp="2022-08-31T18:24:03 IST" skipped="0">
  <testcase classname="testcases.UnassignedTicketsTest" name="verifyUnassignedTicketsCount" time="55.156"/>
  <system-out/>
</testsuite> <!-- testcases.UnassignedTicketsTest -->
