<?xml version="1.0" encoding="UTF-8"?>
<!-- Generated by org.testng.reporters.JUnitReportReporter -->
<testsuite hostname="COG-WIN-MAC03" failures="3" tests="15" name="testcases.TicketListingTest" time="1296.652" errors="0" timestamp="2023-08-11T23:58:26 IST" skipped="0">
  <testcase classname="testcases.TicketListingTest" name="verifyUrlOnClickingBreadCrumb" time="66.228"/>
  <system-out/>
  <testcase classname="testcases.TicketListingTest" name="verifyDeleteTicketFunctionality" time="295.066"/>
  <system-out/>
  <testcase classname="testcases.TicketListingTest" name="verifyResetButtonFunctionality" time="138.780">
    <failure message="java.lang.NullPointerException: Cannot invoke &quot;org.openqa.selenium.WebElement.clear()&quot; because &quot;element&quot; is null" type="java.lang.AssertionError">
      <![CDATA[java.lang.AssertionError: java.lang.NullPointerException: Cannot invoke "org.openqa.selenium.WebElement.clear()" because "element" is null
at org.testng.Assert.fail(Assert.java:99)
at utils.WebBasePage.enter(WebBasePage.java:64)
at pageobjects.UserLoginPage.enterUserName(UserLoginPage.java:77)
at pageobjects.UserLoginPage.forcefulLogOutLogin(UserLoginPage.java:123)
at action.LoginAction.logoutLogin(LoginAction.java:26)
at testcases.TicketListingTest.verifyResetButtonFunctionality(TicketListingTest.java:63)
at java.base/jdk.internal.reflect.NativeMethodAccessorImpl.invoke0(Native Method)
at java.base/jdk.internal.reflect.NativeMethodAccessorImpl.invoke(NativeMethodAccessorImpl.java:77)
at java.base/jdk.internal.reflect.DelegatingMethodAccessorImpl.invoke(DelegatingMethodAccessorImpl.java:43)
at java.base/java.lang.reflect.Method.invoke(Method.java:568)
at org.testng.internal.MethodInvocationHelper.invokeMethod(MethodInvocationHelper.java:133)
at org.testng.internal.TestInvoker.invokeMethod(TestInvoker.java:598)
at org.testng.internal.TestInvoker.invokeTestMethod(TestInvoker.java:173)
at org.testng.internal.MethodRunner.runInSequence(MethodRunner.java:46)
at org.testng.internal.TestInvoker$MethodInvocationAgent.invoke(TestInvoker.java:824)
at org.testng.internal.TestInvoker.invokeTestMethods(TestInvoker.java:146)
at org.testng.internal.TestMethodWorker.invokeTestMethods(TestMethodWorker.java:146)
at org.testng.internal.TestMethodWorker.run(TestMethodWorker.java:128)
at java.base/java.util.ArrayList.forEach(ArrayList.java:1511)
at org.testng.TestRunner.privateRun(TestRunner.java:794)
at org.testng.TestRunner.run(TestRunner.java:596)
at org.testng.SuiteRunner.runTest(SuiteRunner.java:377)
at org.testng.SuiteRunner.runSequentially(SuiteRunner.java:371)
at org.testng.SuiteRunner.privateRun(SuiteRunner.java:332)
at org.testng.SuiteRunner.run(SuiteRunner.java:276)
at org.testng.SuiteRunnerWorker.runSuite(SuiteRunnerWorker.java:53)
at org.testng.SuiteRunnerWorker.run(SuiteRunnerWorker.java:96)
at org.testng.TestNG.runSuitesSequentially(TestNG.java:1212)
at org.testng.TestNG.runSuitesLocally(TestNG.java:1134)
at org.testng.TestNG.runSuites(TestNG.java:1063)
at org.testng.TestNG.run(TestNG.java:1031)
at org.testng.remote.AbstractRemoteTestNG.run(AbstractRemoteTestNG.java:115)
at org.testng.remote.RemoteTestNG.initAndRun(RemoteTestNG.java:251)
at org.testng.remote.RemoteTestNG.main(RemoteTestNG.java:77)
]]>
    </failure>
  </testcase> <!-- verifyResetButtonFunctionality -->
  <system-out/>
  <testcase classname="testcases.TicketListingTest" name="verifyExpandCollapseFeature" time="31.123"/>
  <system-out/>
  <testcase classname="testcases.TicketListingTest" name="verifySearchFunctionality" time="76.384">
    <failure message="java.lang.NullPointerException: Cannot invoke &quot;org.openqa.selenium.WebElement.getText()&quot; because &quot;ele&quot; is null" type="java.lang.AssertionError">
      <![CDATA[java.lang.AssertionError: java.lang.NullPointerException: Cannot invoke "org.openqa.selenium.WebElement.getText()" because "ele" is null
at org.testng.Assert.fail(Assert.java:99)
at utils.WebBasePage.getText(WebBasePage.java:106)
at pageobjects.TicketListingPage.matchSearchedValues(TicketListingPage.java:182)
at action.TicketListingAction.validateSearch(TicketListingAction.java:99)
at testcases.TicketListingTest.verifySearchFunctionality(TicketListingTest.java:106)
at java.base/jdk.internal.reflect.NativeMethodAccessorImpl.invoke0(Native Method)
at java.base/jdk.internal.reflect.NativeMethodAccessorImpl.invoke(NativeMethodAccessorImpl.java:77)
at java.base/jdk.internal.reflect.DelegatingMethodAccessorImpl.invoke(DelegatingMethodAccessorImpl.java:43)
at java.base/java.lang.reflect.Method.invoke(Method.java:568)
at org.testng.internal.MethodInvocationHelper.invokeMethod(MethodInvocationHelper.java:133)
at org.testng.internal.TestInvoker.invokeMethod(TestInvoker.java:598)
at org.testng.internal.TestInvoker.invokeTestMethod(TestInvoker.java:173)
at org.testng.internal.MethodRunner.runInSequence(MethodRunner.java:46)
at org.testng.internal.TestInvoker$MethodInvocationAgent.invoke(TestInvoker.java:824)
at org.testng.internal.TestInvoker.invokeTestMethods(TestInvoker.java:146)
at org.testng.internal.TestMethodWorker.invokeTestMethods(TestMethodWorker.java:146)
at org.testng.internal.TestMethodWorker.run(TestMethodWorker.java:128)
at java.base/java.util.ArrayList.forEach(ArrayList.java:1511)
at org.testng.TestRunner.privateRun(TestRunner.java:794)
at org.testng.TestRunner.run(TestRunner.java:596)
at org.testng.SuiteRunner.runTest(SuiteRunner.java:377)
at org.testng.SuiteRunner.runSequentially(SuiteRunner.java:371)
at org.testng.SuiteRunner.privateRun(SuiteRunner.java:332)
at org.testng.SuiteRunner.run(SuiteRunner.java:276)
at org.testng.SuiteRunnerWorker.runSuite(SuiteRunnerWorker.java:53)
at org.testng.SuiteRunnerWorker.run(SuiteRunnerWorker.java:96)
at org.testng.TestNG.runSuitesSequentially(TestNG.java:1212)
at org.testng.TestNG.runSuitesLocally(TestNG.java:1134)
at org.testng.TestNG.runSuites(TestNG.java:1063)
at org.testng.TestNG.run(TestNG.java:1031)
at org.testng.remote.AbstractRemoteTestNG.run(AbstractRemoteTestNG.java:115)
at org.testng.remote.RemoteTestNG.initAndRun(RemoteTestNG.java:251)
at org.testng.remote.RemoteTestNG.main(RemoteTestNG.java:77)
]]>
    </failure>
  </testcase> <!-- verifySearchFunctionality -->
  <system-out/>
  <testcase classname="testcases.TicketListingTest" name="verifyUnassignedTicketWidget" time="69.505"/>
  <system-out/>
  <testcase classname="testcases.TicketListingTest" name="verifyReplyCount" time="75.954"/>
  <system-out/>
  <testcase classname="testcases.TicketListingTest" name="verifyFollowUpFunctionality" time="66.744"/>
  <system-out/>
  <testcase classname="testcases.TicketListingTest" name="verifyMergeButtonFunctionality" time="86.798">
    <failure message="Action Button -  element not present" type="java.lang.AssertionError">
      <![CDATA[java.lang.AssertionError: Action Button -  element not present
at org.testng.Assert.fail(Assert.java:99)
at utils.WebBasePage.clickByJavascript(WebBasePage.java:285)
at pageobjects.TicketListingPage.clickOnActionButton(TicketListingPage.java:108)
at action.TicketListingAction.actionButton(TicketListingAction.java:68)
at action.TicketListingAction.viewTicket(TicketListingAction.java:77)
at testcases.TicketListingTest.verifyMergeButtonFunctionality(TicketListingTest.java:173)
at java.base/jdk.internal.reflect.NativeMethodAccessorImpl.invoke0(Native Method)
at java.base/jdk.internal.reflect.NativeMethodAccessorImpl.invoke(NativeMethodAccessorImpl.java:77)
at java.base/jdk.internal.reflect.DelegatingMethodAccessorImpl.invoke(DelegatingMethodAccessorImpl.java:43)
at java.base/java.lang.reflect.Method.invoke(Method.java:568)
at org.testng.internal.MethodInvocationHelper.invokeMethod(MethodInvocationHelper.java:133)
at org.testng.internal.TestInvoker.invokeMethod(TestInvoker.java:598)
at org.testng.internal.TestInvoker.invokeTestMethod(TestInvoker.java:173)
at org.testng.internal.MethodRunner.runInSequence(MethodRunner.java:46)
at org.testng.internal.TestInvoker$MethodInvocationAgent.invoke(TestInvoker.java:824)
at org.testng.internal.TestInvoker.invokeTestMethods(TestInvoker.java:146)
at org.testng.internal.TestMethodWorker.invokeTestMethods(TestMethodWorker.java:146)
at org.testng.internal.TestMethodWorker.run(TestMethodWorker.java:128)
at java.base/java.util.ArrayList.forEach(ArrayList.java:1511)
at org.testng.TestRunner.privateRun(TestRunner.java:794)
at org.testng.TestRunner.run(TestRunner.java:596)
at org.testng.SuiteRunner.runTest(SuiteRunner.java:377)
at org.testng.SuiteRunner.runSequentially(SuiteRunner.java:371)
at org.testng.SuiteRunner.privateRun(SuiteRunner.java:332)
at org.testng.SuiteRunner.run(SuiteRunner.java:276)
at org.testng.SuiteRunnerWorker.runSuite(SuiteRunnerWorker.java:53)
at org.testng.SuiteRunnerWorker.run(SuiteRunnerWorker.java:96)
at org.testng.TestNG.runSuitesSequentially(TestNG.java:1212)
at org.testng.TestNG.runSuitesLocally(TestNG.java:1134)
at org.testng.TestNG.runSuites(TestNG.java:1063)
at org.testng.TestNG.run(TestNG.java:1031)
at org.testng.remote.AbstractRemoteTestNG.run(AbstractRemoteTestNG.java:115)
at org.testng.remote.RemoteTestNG.initAndRun(RemoteTestNG.java:251)
at org.testng.remote.RemoteTestNG.main(RemoteTestNG.java:77)
]]>
    </failure>
  </testcase> <!-- verifyMergeButtonFunctionality -->
  <system-out/>
  <testcase classname="testcases.TicketListingTest" name="verifyUpdateTicketFunctionality" time="84.427"/>
  <system-out/>
  <testcase classname="testcases.TicketListingTest" name="verifyNotesFunctionality" time="77.494"/>
  <system-out/>
  <testcase classname="testcases.TicketListingTest" name="verifyAttachmentTabFunctionality" time="56.307"/>
  <system-out/>
  <testcase classname="testcases.TicketListingTest" name="verifyWidgetsFunctionality" time="43.913"/>
  <system-out/>
  <testcase classname="testcases.TicketListingTest" name="verifyCannedReplyFunctionality" time="62.322"/>
  <system-out/>
  <testcase classname="testcases.TicketListingTest" name="verifyDraftReplyFunctionality" time="65.607"/>
  <system-out/>
</testsuite> <!-- testcases.TicketListingTest -->
