<?xml version="1.0" encoding="UTF-8"?>
<!-- Generated by org.testng.reporters.JUnitReportReporter -->
<testsuite hostname="COG-WIN-MAC03" failures="2" tests="31" name="testcases.TicketingDashboardTest" time="6532.788" errors="0" timestamp="2022-12-08T13:40:35 IST" skipped="4">
  <testcase classname="testcases.TicketingDashboardTest" name="verifyReportsValidation" time="82.369">
    <failure message="Save -  element not clikabke" type="java.lang.AssertionError">
      <![CDATA[java.lang.AssertionError: Save -  element not clikabke
at org.testng.Assert.fail(Assert.java:99)
at utils.WebBasePage.click(WebBasePage.java:91)
at pageobjects.TicketingDashboardPage.clickSaveButton(TicketingDashboardPage.java:156)
at pageobjects.TicketingDashboardPage.selectAllReports(TicketingDashboardPage.java:161)
at action.TicketingDashboardAction.validateReportsValidation(TicketingDashboardAction.java:40)
at testcases.TicketingDashboardTest.verifyReportsValidation(TicketingDashboardTest.java:26)
at java.base/jdk.internal.reflect.NativeMethodAccessorImpl.invoke0(Native Method)
at java.base/jdk.internal.reflect.NativeMethodAccessorImpl.invoke(NativeMethodAccessorImpl.java:77)
at java.base/jdk.internal.reflect.DelegatingMethodAccessorImpl.invoke(DelegatingMethodAccessorImpl.java:43)
at java.base/java.lang.reflect.Method.invoke(Method.java:568)
at org.testng.internal.MethodInvocationHelper.invokeMethod(MethodInvocationHelper.java:133)
at org.testng.internal.TestInvoker.invokeMethod(TestInvoker.java:598)
at org.testng.internal.TestInvoker.invokeTestMethod(TestInvoker.java:173)
at org.testng.internal.MethodRunner.runInSequence(MethodRunner.java:46)
at org.testng.internal.TestInvoker$MethodInvocationAgent.invoke(TestInvoker.java:824)
at org.testng.internal.TestInvoker.invokeTestMethods(TestInvoker.java:146)
at org.testng.internal.TestMethodWorker.invokeTestMethods(TestMethodWorker.java:146)
at org.testng.internal.TestMethodWorker.run(TestMethodWorker.java:128)
at java.base/java.util.ArrayList.forEach(ArrayList.java:1511)
at org.testng.TestRunner.privateRun(TestRunner.java:794)
at org.testng.TestRunner.run(TestRunner.java:596)
at org.testng.SuiteRunner.runTest(SuiteRunner.java:377)
at org.testng.SuiteRunner.runSequentially(SuiteRunner.java:371)
at org.testng.SuiteRunner.privateRun(SuiteRunner.java:332)
at org.testng.SuiteRunner.run(SuiteRunner.java:276)
at org.testng.SuiteRunnerWorker.runSuite(SuiteRunnerWorker.java:53)
at org.testng.SuiteRunnerWorker.run(SuiteRunnerWorker.java:96)
at org.testng.TestNG.runSuitesSequentially(TestNG.java:1212)
at org.testng.TestNG.runSuitesLocally(TestNG.java:1134)
at org.testng.TestNG.runSuites(TestNG.java:1063)
at org.testng.TestNG.run(TestNG.java:1031)
at org.testng.remote.AbstractRemoteTestNG.run(AbstractRemoteTestNG.java:115)
at org.testng.remote.RemoteTestNG.initAndRun(RemoteTestNG.java:251)
at org.testng.remote.RemoteTestNG.main(RemoteTestNG.java:77)
]]>
    </failure>
  </testcase> <!-- verifyReportsValidation -->
  <system-out/>
  <testcase classname="testcases.TicketingDashboardTest" name="validateWidgetsCount" time="100.343"/>
  <system-out/>
  <testcase classname="testcases.TicketingDashboardTest" name="verifyTodaysFilter" time="381.855"/>
  <system-out/>
  <testcase classname="testcases.TicketingDashboardTest" name="verifyThisYearFilter" time="208.725"/>
  <system-out/>
  <testcase classname="testcases.TicketingDashboardTest" name="verifyYesterDayFilter" time="148.506"/>
  <system-out/>
  <testcase classname="testcases.TicketingDashboardTest" name="verifyLastWeekFilter" time="201.907"/>
  <system-out/>
  <testcase classname="testcases.TicketingDashboardTest" name="verifyThisWeekFilter" time="200.229"/>
  <system-out/>
  <testcase classname="testcases.TicketingDashboardTest" name="verifyThisMonthFilter" time="213.680"/>
  <system-out/>
  <testcase classname="testcases.TicketingDashboardTest" name="verifyLastMonthFilter" time="146.567"/>
  <system-out/>
  <testcase classname="testcases.TicketingDashboardTest" name="verifyTodayFilterFromCategory" time="265.759"/>
  <system-out/>
  <testcase classname="testcases.TicketingDashboardTest" name="verifyThisWeekFilterFromCategory" time="154.262"/>
  <system-out/>
  <testcase classname="testcases.TicketingDashboardTest" name="verifyYesterdayFilterFromCategory" time="151.017"/>
  <system-out/>
  <testcase classname="testcases.TicketingDashboardTest" name="verifyYesterdayFilterByChannel" time="390.926"/>
  <system-out/>
  <testcase classname="testcases.TicketingDashboardTest" name="verifyTodaysFilterByChannel" time="157.118"/>
  <system-out/>
  <testcase classname="testcases.TicketingDashboardTest" name="verifyThisWeekByChannel" time="168.157"/>
  <system-out/>
  <testcase classname="testcases.TicketingDashboardTest" name="verifyLastWeekByChannel" time="158.120"/>
  <system-out/>
  <testcase classname="testcases.TicketingDashboardTest" name="verifyThisMonthByChannel" time="334.380">
    <failure message="java.lang.NullPointerException: Cannot invoke &quot;org.openqa.selenium.WebElement.clear()&quot; because &quot;element&quot; is null" type="java.lang.AssertionError">
      <![CDATA[java.lang.AssertionError: java.lang.NullPointerException: Cannot invoke "org.openqa.selenium.WebElement.clear()" because "element" is null
at org.testng.Assert.fail(Assert.java:99)
at utils.WebBasePage.enter(WebBasePage.java:64)
at pageobjects.UserLoginPage.enterUserName(UserLoginPage.java:77)
at pageobjects.UserLoginPage.forcefulLogOutLogin(UserLoginPage.java:123)
at action.LoginAction.logoutLogin(LoginAction.java:26)
at testcases.TicketingDashboardTest.verifyThisMonthByChannel(TicketingDashboardTest.java:460)
at java.base/jdk.internal.reflect.NativeMethodAccessorImpl.invoke0(Native Method)
at java.base/jdk.internal.reflect.NativeMethodAccessorImpl.invoke(NativeMethodAccessorImpl.java:77)
at java.base/jdk.internal.reflect.DelegatingMethodAccessorImpl.invoke(DelegatingMethodAccessorImpl.java:43)
at java.base/java.lang.reflect.Method.invoke(Method.java:568)
at org.testng.internal.MethodInvocationHelper.invokeMethod(MethodInvocationHelper.java:133)
at org.testng.internal.TestInvoker.invokeMethod(TestInvoker.java:598)
at org.testng.internal.TestInvoker.invokeTestMethod(TestInvoker.java:173)
at org.testng.internal.MethodRunner.runInSequence(MethodRunner.java:46)
at org.testng.internal.TestInvoker$MethodInvocationAgent.invoke(TestInvoker.java:824)
at org.testng.internal.TestInvoker.invokeTestMethods(TestInvoker.java:146)
at org.testng.internal.TestMethodWorker.invokeTestMethods(TestMethodWorker.java:146)
at org.testng.internal.TestMethodWorker.run(TestMethodWorker.java:128)
at java.base/java.util.ArrayList.forEach(ArrayList.java:1511)
at org.testng.TestRunner.privateRun(TestRunner.java:794)
at org.testng.TestRunner.run(TestRunner.java:596)
at org.testng.SuiteRunner.runTest(SuiteRunner.java:377)
at org.testng.SuiteRunner.runSequentially(SuiteRunner.java:371)
at org.testng.SuiteRunner.privateRun(SuiteRunner.java:332)
at org.testng.SuiteRunner.run(SuiteRunner.java:276)
at org.testng.SuiteRunnerWorker.runSuite(SuiteRunnerWorker.java:53)
at org.testng.SuiteRunnerWorker.run(SuiteRunnerWorker.java:96)
at org.testng.TestNG.runSuitesSequentially(TestNG.java:1212)
at org.testng.TestNG.runSuitesLocally(TestNG.java:1134)
at org.testng.TestNG.runSuites(TestNG.java:1063)
at org.testng.TestNG.run(TestNG.java:1031)
at org.testng.remote.AbstractRemoteTestNG.run(AbstractRemoteTestNG.java:115)
at org.testng.remote.RemoteTestNG.initAndRun(RemoteTestNG.java:251)
at org.testng.remote.RemoteTestNG.main(RemoteTestNG.java:77)
]]>
    </failure>
  </testcase> <!-- verifyThisMonthByChannel -->
  <system-out/>
  <testcase classname="testcases.TicketingDashboardTest" name="verifyLastMonthByChannel" time="140.156"/>
  <system-out/>
  <testcase classname="testcases.TicketingDashboardTest" name="verifyTodaysFilterByProduct" time="421.805"/>
  <system-out/>
  <testcase classname="testcases.TicketingDashboardTest" name="verifyThisWeekFilterByProduct" time="205.738"/>
  <system-out/>
  <testcase classname="testcases.TicketingDashboardTest" name="verifyThisYearFilterByProduct" time="359.219"/>
  <system-out/>
  <testcase classname="testcases.TicketingDashboardTest" name="verifyThisMonthFilterByProduct" time="380.632"/>
  <system-out/>
  <testcase classname="testcases.TicketingDashboardTest" name="verifyYesterdayFilterByProduct" time="162.501"/>
  <system-out/>
  <testcase classname="testcases.TicketingDashboardTest" name="verifyLastWeekFilterByProduct" time="359.692"/>
  <system-out/>
  <testcase classname="testcases.TicketingDashboardTest" name="verifyLastMonthFilterByProduct" time="313.077"/>
  <system-out/>
  <testcase classname="testcases.TicketingDashboardTest" name="verifyTodayFilterByResolver" time="246.907"/>
  <system-out/>
  <testcase classname="testcases.TicketingDashboardTest" name="verifyThisWeekFilterByResolver" time="479.141"/>
  <system-out/>
  <testcase classname="testcases.TicketingDashboardTest" name="verifyLastMonthFilterFromCategory">
    <skipped/>
  </testcase> <!-- verifyLastMonthFilterFromCategory -->
  <system-out/>
  <testcase classname="testcases.TicketingDashboardTest" name="verifyLastWeekFilterFromCategory">
    <skipped/>
  </testcase> <!-- verifyLastWeekFilterFromCategory -->
  <system-out/>
  <testcase classname="testcases.TicketingDashboardTest" name="verifyThisMonthFilterFromCategory">
    <skipped/>
  </testcase> <!-- verifyThisMonthFilterFromCategory -->
  <system-out/>
  <testcase classname="testcases.TicketingDashboardTest" name="verifyThisYearFilterFromCategory">
    <skipped/>
  </testcase> <!-- verifyThisYearFilterFromCategory -->
  <system-out/>
</testsuite> <!-- testcases.TicketingDashboardTest -->
