<?xml version="1.0" encoding="UTF-8"?>
<!-- Generated by org.testng.reporters.JUnitReportReporter -->
<testsuite hostname="COG-WIN-MAC03" failures="0" tests="13" name="testcases.SLATest" time="952.938" errors="0" timestamp="2022-11-03T17:05:22 IST" skipped="0">
  <testcase classname="testcases.SLATest" name="verifyAddSLA" time="152.332"/>
  <system-out>
    <![CDATA[Policy checkbox clicked]]>
  </system-out>
  <testcase classname="testcases.SLATest" name="verifyMandatoryValidation" time="89.751"/>
  <system-out>
    <![CDATA[Policy checkbox clicked]]>
  </system-out>
  <testcase classname="testcases.SLATest" name="VerifyCharactersValidation" time="92.372"/>
  <system-out>
    <![CDATA[Policy checkbox clicked]]>
  </system-out>
  <testcase classname="testcases.SLATest" name="verifyRadioButtonsFunctionality" time="39.716"/>
  <system-out/>
  <testcase classname="testcases.SLATest" name="verifyClientCategoryFunctionality" time="46.913"/>
  <system-out>
    <![CDATA[Policy checkbox clicked]]>
  </system-out>
  <testcase classname="testcases.SLATest" name="verifyDepartmentCategoryFunctionality" time="57.431"/>
  <system-out>
    <![CDATA[Policy checkbox clicked]]>
  </system-out>
  <testcase classname="testcases.SLATest" name="verifyProductCategoryFunctionality" time="47.567"/>
  <system-out>
    <![CDATA[Policy checkbox clicked]]>
  </system-out>
  <testcase classname="testcases.SLATest" name="verifyDeleteButtonFunctionality" time="61.800"/>
  <system-out>
    <![CDATA[Policy checkbox clicked]]>
  </system-out>
  <testcase classname="testcases.SLATest" name="verifyPolicyDatePickerFunctionality" time="42.518"/>
  <system-out/>
  <testcase classname="testcases.SLATest" name="verifyBooleanFunctionality" time="66.834"/>
  <system-out>
    <![CDATA[Policy checkbox clicked]]>
  </system-out>
  <testcase classname="testcases.SLATest" name="verifyBooleanSaveButtonFunctionality" time="63.167"/>
  <system-out>
    <![CDATA[Policy checkbox clicked]]>
  </system-out>
  <testcase classname="testcases.SLATest" name="verifyResponseTimeValidations" time="100.618"/>
  <system-out>
    <![CDATA[Policy checkbox clicked]]>
  </system-out>
  <testcase classname="testcases.SLATest" name="verifyResolveTimeValidations" time="91.919"/>
  <system-out>
    <![CDATA[Policy checkbox clicked]]>
  </system-out>
</testsuite> <!-- testcases.SLATest -->
