<?xml version="1.0" encoding="UTF-8"?>
<!-- Generated by org.testng.reporters.JUnitReportReporter -->
<testsuite hostname="COG-WIN-MAC03" failures="0" tests="1" name="testcases.TicketDetailReportTest" time="165.232" errors="0" timestamp="2023-08-11T23:58:26 IST" skipped="0">
  <testcase classname="testcases.TicketDetailReportTest" name="verifySearchTicket" time="165.232"/>
  <system-out/>
</testsuite> <!-- testcases.TicketDetailReportTest -->
