<?xml version="1.0" encoding="UTF-8"?>
<!-- Generated by org.testng.reporters.JUnitReportReporter -->
<testsuite hostname="COG-WIN-MAC03" failures="0" tests="2" name="testcases.TicketGroupListingTest" time="113.963" errors="0" timestamp="2022-12-08T13:40:35 IST" skipped="0">
  <testcase classname="testcases.TicketGroupListingTest" name="verifySearchFunctionality" time="49.548"/>
  <system-out/>
  <testcase classname="testcases.TicketGroupListingTest" name="verifyResetFunctionality" time="64.415"/>
  <system-out/>
</testsuite> <!-- testcases.TicketGroupListingTest -->
