<?xml version="1.0" encoding="UTF-8"?>
<!-- Generated by org.testng.reporters.JUnitReportReporter -->
<testsuite hostname="COG-WIN-MAC03" failures="0" tests="5" name="testcases.TicketingServiceBoardTest" time="246.353" errors="0" timestamp="2023-08-11T23:58:26 IST" skipped="0">
  <testcase classname="testcases.TicketingServiceBoardTest" name="verifyServiceboardElements" time="37.674"/>
  <system-out/>
  <testcase classname="testcases.TicketingServiceBoardTest" name="verifyAddServiceBoardGroupOne" time="57.237"/>
  <system-out/>
  <testcase classname="testcases.TicketingServiceBoardTest" name="verifyAddServiceBoardGroupTwo" time="47.537"/>
  <system-out/>
  <testcase classname="testcases.TicketingServiceBoardTest" name="verifyCancelButtonFunctionality" time="51.056"/>
  <system-out/>
  <testcase classname="testcases.TicketingServiceBoardTest" name="verifyUpdateServiceBoardNavigation" time="52.849"/>
  <system-out/>
</testsuite> <!-- testcases.TicketingServiceBoardTest -->
