<?xml version="1.0" encoding="UTF-8"?>
<!-- Generated by org.testng.reporters.JUnitReportReporter -->
<testsuite hostname="COG-WIN-MAC03" failures="0" tests="5" name="testcases.TicketingServiceBoardTest" time="208.796" errors="0" timestamp="2022-12-08T13:40:35 IST" skipped="0">
  <testcase classname="testcases.TicketingServiceBoardTest" name="verifyServiceboardElements" time="29.805"/>
  <system-out/>
  <testcase classname="testcases.TicketingServiceBoardTest" name="verifyAddServiceBoardGroupOne" time="50.338"/>
  <system-out/>
  <testcase classname="testcases.TicketingServiceBoardTest" name="verifyAddServiceBoardGroupTwo" time="43.373"/>
  <system-out/>
  <testcase classname="testcases.TicketingServiceBoardTest" name="verifyCancelButtonFunctionality" time="45.443"/>
  <system-out/>
  <testcase classname="testcases.TicketingServiceBoardTest" name="verifyUpdateServiceBoardNavigation" time="39.837"/>
  <system-out/>
</testsuite> <!-- testcases.TicketingServiceBoardTest -->
