<?xml version="1.0" encoding="UTF-8"?>
<!-- Generated by org.testng.reporters.JUnitReportReporter -->
<testsuite hostname="COG-WIN-MAC03" failures="0" tests="3" name="testcases.CompanySetupConfiguration" time="372.967" errors="0" timestamp="2022-08-31T15:14:18 IST" skipped="0">
  <testcase classname="testcases.CompanySetupConfiguration" name="addNewUser" time="229.398"/>
  <system-out/>
  <testcase classname="testcases.CompanySetupConfiguration" name="addChannel" time="85.661"/>
  <system-out/>
  <testcase classname="testcases.CompanySetupConfiguration" name="addUserAndDepartment" time="57.908"/>
  <system-out/>
</testsuite> <!-- testcases.CompanySetupConfiguration -->
