<?xml version="1.0" encoding="UTF-8"?>
<!-- Generated by org.testng.reporters.JUnitReportReporter -->
<testsuite hostname="COG-WIN-MAC03" failures="0" tests="1" name="testcases.TicketDetailReportTest" time="172.309" errors="0" timestamp="2022-08-31T15:50:38 IST" skipped="0">
  <testcase classname="testcases.TicketDetailReportTest" name="verifySearchTicket" time="172.309"/>
  <system-out/>
</testsuite> <!-- testcases.TicketDetailReportTest -->
